2025-04-04 23:46:44,176 ERROR Internal Server Error: /accounts/login/ C:\Users\taty-\PycharmProjects\Skillfactory\News_Portal\News_Portal\.venv\Lib\site-packages\django\utils\log.py (<class 'django.db.utils.OperationalError'>, OperationalError('no such table: socialaccount_socialapp'), <traceback object at 0x000001BAC0CD4980>)
Traceback (most recent call last):
  File "C:\Users\taty-\PycharmProjects\Skillfactory\News_Portal\News_Portal\.venv\Lib\site-packages\django\db\backends\utils.py", line 105, in _execute
    return self.cursor.execute(sql, params)
           ~~~~~~~~~~~~~~~~~~~^^^^^^^^^^^^^
  File "C:\Users\taty-\PycharmProjects\Skillfactory\News_Portal\News_Portal\.venv\Lib\site-packages\django\db\backends\sqlite3\base.py", line 354, in execute
    return super().execute(query, params)
           ~~~~~~~~~~~~~~~^^^^^^^^^^^^^^^
sqlite3.OperationalError: no such table: socialaccount_socialapp

The above exception was the direct cause of the following exception:

Traceback (most recent call last):
  File "C:\Users\taty-\PycharmProjects\Skillfactory\News_Portal\News_Portal\.venv\Lib\site-packages\django\core\handlers\exception.py", line 55, in inner
    response = get_response(request)
  File "C:\Users\taty-\PycharmProjects\Skillfactory\News_Portal\News_Portal\.venv\Lib\site-packages\django\core\handlers\base.py", line 220, in _get_response
    response = response.render()
  File "C:\Users\taty-\PycharmProjects\Skillfactory\News_Portal\News_Portal\.venv\Lib\site-packages\django\template\response.py", line 114, in render
    self.content = self.rendered_content
                   ^^^^^^^^^^^^^^^^^^^^^
  File "C:\Users\taty-\PycharmProjects\Skillfactory\News_Portal\News_Portal\.venv\Lib\site-packages\django\template\response.py", line 92, in rendered_content
    return template.render(context, self._request)
           ~~~~~~~~~~~~~~~^^^^^^^^^^^^^^^^^^^^^^^^
  File "C:\Users\taty-\PycharmProjects\Skillfactory\News_Portal\News_Portal\.venv\Lib\site-packages\django\template\backends\django.py", line 107, in render
    return self.template.render(context)
           ~~~~~~~~~~~~~~~~~~~~^^^^^^^^^
  File "C:\Users\taty-\PycharmProjects\Skillfactory\News_Portal\News_Portal\.venv\Lib\site-packages\django\template\base.py", line 171, in render
    return self._render(context)
           ~~~~~~~~~~~~^^^^^^^^^
  File "C:\Users\taty-\PycharmProjects\Skillfactory\News_Portal\News_Portal\.venv\Lib\site-packages\django\template\base.py", line 163, in _render
    return self.nodelist.render(context)
           ~~~~~~~~~~~~~~~~~~~~^^^^^^^^^
  File "C:\Users\taty-\PycharmProjects\Skillfactory\News_Portal\News_Portal\.venv\Lib\site-packages\django\template\base.py", line 1008, in render
    return SafeString("".join([node.render_annotated(context) for node in self]))
                               ~~~~~~~~~~~~~~~~~~~~~^^^^^^^^^
  File "C:\Users\taty-\PycharmProjects\Skillfactory\News_Portal\News_Portal\.venv\Lib\site-packages\django\template\base.py", line 969, in render_annotated
    return self.render(context)
           ~~~~~~~~~~~^^^^^^^^^
  File "C:\Users\taty-\PycharmProjects\Skillfactory\News_Portal\News_Portal\.venv\Lib\site-packages\django\template\loader_tags.py", line 159, in render
    return compiled_parent._render(context)
           ~~~~~~~~~~~~~~~~~~~~~~~^^^^^^^^^
  File "C:\Users\taty-\PycharmProjects\Skillfactory\News_Portal\News_Portal\.venv\Lib\site-packages\django\template\base.py", line 163, in _render
    return self.nodelist.render(context)
           ~~~~~~~~~~~~~~~~~~~~^^^^^^^^^
  File "C:\Users\taty-\PycharmProjects\Skillfactory\News_Portal\News_Portal\.venv\Lib\site-packages\django\template\base.py", line 1008, in render
    return SafeString("".join([node.render_annotated(context) for node in self]))
                               ~~~~~~~~~~~~~~~~~~~~~^^^^^^^^^
  File "C:\Users\taty-\PycharmProjects\Skillfactory\News_Portal\News_Portal\.venv\Lib\site-packages\django\template\base.py", line 969, in render_annotated
    return self.render(context)
           ~~~~~~~~~~~^^^^^^^^^
  File "C:\Users\taty-\PycharmProjects\Skillfactory\News_Portal\News_Portal\.venv\Lib\site-packages\django\template\loader_tags.py", line 159, in render
    return compiled_parent._render(context)
           ~~~~~~~~~~~~~~~~~~~~~~~^^^^^^^^^
  File "C:\Users\taty-\PycharmProjects\Skillfactory\News_Portal\News_Portal\.venv\Lib\site-packages\django\template\base.py", line 163, in _render
    return self.nodelist.render(context)
           ~~~~~~~~~~~~~~~~~~~~^^^^^^^^^
  File "C:\Users\taty-\PycharmProjects\Skillfactory\News_Portal\News_Portal\.venv\Lib\site-packages\django\template\base.py", line 1008, in render
    return SafeString("".join([node.render_annotated(context) for node in self]))
                               ~~~~~~~~~~~~~~~~~~~~~^^^^^^^^^
  File "C:\Users\taty-\PycharmProjects\Skillfactory\News_Portal\News_Portal\.venv\Lib\site-packages\django\template\base.py", line 969, in render_annotated
    return self.render(context)
           ~~~~~~~~~~~^^^^^^^^^
  File "C:\Users\taty-\PycharmProjects\Skillfactory\News_Portal\News_Portal\.venv\Lib\site-packages\django\template\loader_tags.py", line 159, in render
    return compiled_parent._render(context)
           ~~~~~~~~~~~~~~~~~~~~~~~^^^^^^^^^
  File "C:\Users\taty-\PycharmProjects\Skillfactory\News_Portal\News_Portal\.venv\Lib\site-packages\django\template\base.py", line 163, in _render
    return self.nodelist.render(context)
           ~~~~~~~~~~~~~~~~~~~~^^^^^^^^^
  File "C:\Users\taty-\PycharmProjects\Skillfactory\News_Portal\News_Portal\.venv\Lib\site-packages\django\template\base.py", line 1008, in render
    return SafeString("".join([node.render_annotated(context) for node in self]))
                               ~~~~~~~~~~~~~~~~~~~~~^^^^^^^^^
  File "C:\Users\taty-\PycharmProjects\Skillfactory\News_Portal\News_Portal\.venv\Lib\site-packages\django\template\base.py", line 969, in render_annotated
    return self.render(context)
           ~~~~~~~~~~~^^^^^^^^^
  File "C:\Users\taty-\PycharmProjects\Skillfactory\News_Portal\News_Portal\.venv\Lib\site-packages\django\template\loader_tags.py", line 65, in render
    result = block.nodelist.render(context)
  File "C:\Users\taty-\PycharmProjects\Skillfactory\News_Portal\News_Portal\.venv\Lib\site-packages\django\template\base.py", line 1008, in render
    return SafeString("".join([node.render_annotated(context) for node in self]))
                               ~~~~~~~~~~~~~~~~~~~~~^^^^^^^^^
  File "C:\Users\taty-\PycharmProjects\Skillfactory\News_Portal\News_Portal\.venv\Lib\site-packages\django\template\base.py", line 969, in render_annotated
    return self.render(context)
           ~~~~~~~~~~~^^^^^^^^^
  File "C:\Users\taty-\PycharmProjects\Skillfactory\News_Portal\News_Portal\.venv\Lib\site-packages\django\template\loader_tags.py", line 65, in render
    result = block.nodelist.render(context)
  File "C:\Users\taty-\PycharmProjects\Skillfactory\News_Portal\News_Portal\.venv\Lib\site-packages\django\template\base.py", line 1008, in render
    return SafeString("".join([node.render_annotated(context) for node in self]))
                               ~~~~~~~~~~~~~~~~~~~~~^^^^^^^^^
  File "C:\Users\taty-\PycharmProjects\Skillfactory\News_Portal\News_Portal\.venv\Lib\site-packages\django\template\base.py", line 969, in render_annotated
    return self.render(context)
           ~~~~~~~~~~~^^^^^^^^^
  File "C:\Users\taty-\PycharmProjects\Skillfactory\News_Portal\News_Portal\.venv\Lib\site-packages\django\template\defaulttags.py", line 327, in render
    return nodelist.render(context)
           ~~~~~~~~~~~~~~~^^^^^^^^^
  File "C:\Users\taty-\PycharmProjects\Skillfactory\News_Portal\News_Portal\.venv\Lib\site-packages\django\template\base.py", line 1008, in render
    return SafeString("".join([node.render_annotated(context) for node in self]))
                               ~~~~~~~~~~~~~~~~~~~~~^^^^^^^^^
  File "C:\Users\taty-\PycharmProjects\Skillfactory\News_Portal\News_Portal\.venv\Lib\site-packages\django\template\base.py", line 969, in render_annotated
    return self.render(context)
           ~~~~~~~~~~~^^^^^^^^^
  File "C:\Users\taty-\PycharmProjects\Skillfactory\News_Portal\News_Portal\.venv\Lib\site-packages\django\template\loader_tags.py", line 210, in render
    return template.render(context)
           ~~~~~~~~~~~~~~~^^^^^^^^^
  File "C:\Users\taty-\PycharmProjects\Skillfactory\News_Portal\News_Portal\.venv\Lib\site-packages\django\template\base.py", line 173, in render
    return self._render(context)
           ~~~~~~~~~~~~^^^^^^^^^
  File "C:\Users\taty-\PycharmProjects\Skillfactory\News_Portal\News_Portal\.venv\Lib\site-packages\django\template\base.py", line 163, in _render
    return self.nodelist.render(context)
           ~~~~~~~~~~~~~~~~~~~~^^^^^^^^^
  File "C:\Users\taty-\PycharmProjects\Skillfactory\News_Portal\News_Portal\.venv\Lib\site-packages\django\template\base.py", line 1008, in render
    return SafeString("".join([node.render_annotated(context) for node in self]))
                               ~~~~~~~~~~~~~~~~~~~~~^^^^^^^^^
  File "C:\Users\taty-\PycharmProjects\Skillfactory\News_Portal\News_Portal\.venv\Lib\site-packages\django\template\base.py", line 969, in render_annotated
    return self.render(context)
           ~~~~~~~~~~~^^^^^^^^^
  File "C:\Users\taty-\PycharmProjects\Skillfactory\News_Portal\News_Portal\.venv\Lib\site-packages\django\template\library.py", line 237, in render
    output = self.func(*resolved_args, **resolved_kwargs)
  File "C:\Users\taty-\PycharmProjects\Skillfactory\News_Portal\News_Portal\.venv\Lib\site-packages\allauth\socialaccount\templatetags\socialaccount.py", line 80, in get_providers
    providers = adapter.list_providers(request)
  File "C:\Users\taty-\PycharmProjects\Skillfactory\News_Portal\News_Portal\.venv\Lib\site-packages\allauth\socialaccount\adapter.py", line 190, in list_providers
    apps = self.list_apps(request)
  File "C:\Users\taty-\PycharmProjects\Skillfactory\News_Portal\News_Portal\.venv\Lib\site-packages\allauth\socialaccount\adapter.py", line 248, in list_apps
    for app in db_apps:
               ^^^^^^^
  File "C:\Users\taty-\PycharmProjects\Skillfactory\News_Portal\News_Portal\.venv\Lib\site-packages\django\db\models\query.py", line 400, in __iter__
    self._fetch_all()
    ~~~~~~~~~~~~~~~^^
  File "C:\Users\taty-\PycharmProjects\Skillfactory\News_Portal\News_Portal\.venv\Lib\site-packages\django\db\models\query.py", line 1928, in _fetch_all
    self._result_cache = list(self._iterable_class(self))
                         ~~~~^^^^^^^^^^^^^^^^^^^^^^^^^^^^
  File "C:\Users\taty-\PycharmProjects\Skillfactory\News_Portal\News_Portal\.venv\Lib\site-packages\django\db\models\query.py", line 91, in __iter__
    results = compiler.execute_sql(
        chunked_fetch=self.chunked_fetch, chunk_size=self.chunk_size
    )
  File "C:\Users\taty-\PycharmProjects\Skillfactory\News_Portal\News_Portal\.venv\Lib\site-packages\django\db\models\sql\compiler.py", line 1574, in execute_sql
    cursor.execute(sql, params)
    ~~~~~~~~~~~~~~^^^^^^^^^^^^^
  File "C:\Users\taty-\PycharmProjects\Skillfactory\News_Portal\News_Portal\.venv\Lib\site-packages\django\db\backends\utils.py", line 122, in execute
    return super().execute(sql, params)
           ~~~~~~~~~~~~~~~^^^^^^^^^^^^^
  File "C:\Users\taty-\PycharmProjects\Skillfactory\News_Portal\News_Portal\.venv\Lib\site-packages\django\db\backends\utils.py", line 79, in execute
    return self._execute_with_wrappers(
           ~~~~~~~~~~~~~~~~~~~~~~~~~~~^
        sql, params, many=False, executor=self._execute
        ^^^^^^^^^^^^^^^^^^^^^^^^^^^^^^^^^^^^^^^^^^^^^^^
    )
    ^
  File "C:\Users\taty-\PycharmProjects\Skillfactory\News_Portal\News_Portal\.venv\Lib\site-packages\django\db\backends\utils.py", line 92, in _execute_with_wrappers
    return executor(sql, params, many, context)
  File "C:\Users\taty-\PycharmProjects\Skillfactory\News_Portal\News_Portal\.venv\Lib\site-packages\django\db\backends\utils.py", line 100, in _execute
    with self.db.wrap_database_errors:
         ^^^^^^^^^^^^^^^^^^^^^^^^^^^^
  File "C:\Users\taty-\PycharmProjects\Skillfactory\News_Portal\News_Portal\.venv\Lib\site-packages\django\db\utils.py", line 91, in __exit__
    raise dj_exc_value.with_traceback(traceback) from exc_value
  File "C:\Users\taty-\PycharmProjects\Skillfactory\News_Portal\News_Portal\.venv\Lib\site-packages\django\db\backends\utils.py", line 105, in _execute
    return self.cursor.execute(sql, params)
           ~~~~~~~~~~~~~~~~~~~^^^^^^^^^^^^^
  File "C:\Users\taty-\PycharmProjects\Skillfactory\News_Portal\News_Portal\.venv\Lib\site-packages\django\db\backends\sqlite3\base.py", line 354, in execute
    return super().execute(query, params)
           ~~~~~~~~~~~~~~~^^^^^^^^^^^^^^^
django.db.utils.OperationalError: no such table: socialaccount_socialapp
2025-04-04 23:46:44,191 ERROR "GET /accounts/login/?next=/ HTTP/1.1" 500 335620 C:\Users\taty-\PycharmProjects\Skillfactory\News_Portal\News_Portal\.venv\Lib\site-packages\django\core\servers\basehttp.py None
2025-04-04 23:47:40,902 ERROR Internal Server Error: /accounts/login/ C:\Users\taty-\PycharmProjects\Skillfactory\News_Portal\News_Portal\.venv\Lib\site-packages\django\utils\log.py (<class 'django.db.utils.OperationalError'>, OperationalError('no such table: socialaccount_socialapp'), <traceback object at 0x000001BAC0CF8FC0>)
Traceback (most recent call last):
  File "C:\Users\taty-\PycharmProjects\Skillfactory\News_Portal\News_Portal\.venv\Lib\site-packages\django\db\backends\utils.py", line 105, in _execute
    return self.cursor.execute(sql, params)
           ~~~~~~~~~~~~~~~~~~~^^^^^^^^^^^^^
  File "C:\Users\taty-\PycharmProjects\Skillfactory\News_Portal\News_Portal\.venv\Lib\site-packages\django\db\backends\sqlite3\base.py", line 354, in execute
    return super().execute(query, params)
           ~~~~~~~~~~~~~~~^^^^^^^^^^^^^^^
sqlite3.OperationalError: no such table: socialaccount_socialapp

The above exception was the direct cause of the following exception:

Traceback (most recent call last):
  File "C:\Users\taty-\PycharmProjects\Skillfactory\News_Portal\News_Portal\.venv\Lib\site-packages\django\core\handlers\exception.py", line 55, in inner
    response = get_response(request)
  File "C:\Users\taty-\PycharmProjects\Skillfactory\News_Portal\News_Portal\.venv\Lib\site-packages\django\core\handlers\base.py", line 220, in _get_response
    response = response.render()
  File "C:\Users\taty-\PycharmProjects\Skillfactory\News_Portal\News_Portal\.venv\Lib\site-packages\django\template\response.py", line 114, in render
    self.content = self.rendered_content
                   ^^^^^^^^^^^^^^^^^^^^^
  File "C:\Users\taty-\PycharmProjects\Skillfactory\News_Portal\News_Portal\.venv\Lib\site-packages\django\template\response.py", line 92, in rendered_content
    return template.render(context, self._request)
           ~~~~~~~~~~~~~~~^^^^^^^^^^^^^^^^^^^^^^^^
  File "C:\Users\taty-\PycharmProjects\Skillfactory\News_Portal\News_Portal\.venv\Lib\site-packages\django\template\backends\django.py", line 107, in render
    return self.template.render(context)
           ~~~~~~~~~~~~~~~~~~~~^^^^^^^^^
  File "C:\Users\taty-\PycharmProjects\Skillfactory\News_Portal\News_Portal\.venv\Lib\site-packages\django\template\base.py", line 171, in render
    return self._render(context)
           ~~~~~~~~~~~~^^^^^^^^^
  File "C:\Users\taty-\PycharmProjects\Skillfactory\News_Portal\News_Portal\.venv\Lib\site-packages\django\template\base.py", line 163, in _render
    return self.nodelist.render(context)
           ~~~~~~~~~~~~~~~~~~~~^^^^^^^^^
  File "C:\Users\taty-\PycharmProjects\Skillfactory\News_Portal\News_Portal\.venv\Lib\site-packages\django\template\base.py", line 1008, in render
    return SafeString("".join([node.render_annotated(context) for node in self]))
                               ~~~~~~~~~~~~~~~~~~~~~^^^^^^^^^
  File "C:\Users\taty-\PycharmProjects\Skillfactory\News_Portal\News_Portal\.venv\Lib\site-packages\django\template\base.py", line 969, in render_annotated
    return self.render(context)
           ~~~~~~~~~~~^^^^^^^^^
  File "C:\Users\taty-\PycharmProjects\Skillfactory\News_Portal\News_Portal\.venv\Lib\site-packages\django\template\loader_tags.py", line 159, in render
    return compiled_parent._render(context)
           ~~~~~~~~~~~~~~~~~~~~~~~^^^^^^^^^
  File "C:\Users\taty-\PycharmProjects\Skillfactory\News_Portal\News_Portal\.venv\Lib\site-packages\django\template\base.py", line 163, in _render
    return self.nodelist.render(context)
           ~~~~~~~~~~~~~~~~~~~~^^^^^^^^^
  File "C:\Users\taty-\PycharmProjects\Skillfactory\News_Portal\News_Portal\.venv\Lib\site-packages\django\template\base.py", line 1008, in render
    return SafeString("".join([node.render_annotated(context) for node in self]))
                               ~~~~~~~~~~~~~~~~~~~~~^^^^^^^^^
  File "C:\Users\taty-\PycharmProjects\Skillfactory\News_Portal\News_Portal\.venv\Lib\site-packages\django\template\base.py", line 969, in render_annotated
    return self.render(context)
           ~~~~~~~~~~~^^^^^^^^^
  File "C:\Users\taty-\PycharmProjects\Skillfactory\News_Portal\News_Portal\.venv\Lib\site-packages\django\template\loader_tags.py", line 159, in render
    return compiled_parent._render(context)
           ~~~~~~~~~~~~~~~~~~~~~~~^^^^^^^^^
  File "C:\Users\taty-\PycharmProjects\Skillfactory\News_Portal\News_Portal\.venv\Lib\site-packages\django\template\base.py", line 163, in _render
    return self.nodelist.render(context)
           ~~~~~~~~~~~~~~~~~~~~^^^^^^^^^
  File "C:\Users\taty-\PycharmProjects\Skillfactory\News_Portal\News_Portal\.venv\Lib\site-packages\django\template\base.py", line 1008, in render
    return SafeString("".join([node.render_annotated(context) for node in self]))
                               ~~~~~~~~~~~~~~~~~~~~~^^^^^^^^^
  File "C:\Users\taty-\PycharmProjects\Skillfactory\News_Portal\News_Portal\.venv\Lib\site-packages\django\template\base.py", line 969, in render_annotated
    return self.render(context)
           ~~~~~~~~~~~^^^^^^^^^
  File "C:\Users\taty-\PycharmProjects\Skillfactory\News_Portal\News_Portal\.venv\Lib\site-packages\django\template\loader_tags.py", line 159, in render
    return compiled_parent._render(context)
           ~~~~~~~~~~~~~~~~~~~~~~~^^^^^^^^^
  File "C:\Users\taty-\PycharmProjects\Skillfactory\News_Portal\News_Portal\.venv\Lib\site-packages\django\template\base.py", line 163, in _render
    return self.nodelist.render(context)
           ~~~~~~~~~~~~~~~~~~~~^^^^^^^^^
  File "C:\Users\taty-\PycharmProjects\Skillfactory\News_Portal\News_Portal\.venv\Lib\site-packages\django\template\base.py", line 1008, in render
    return SafeString("".join([node.render_annotated(context) for node in self]))
                               ~~~~~~~~~~~~~~~~~~~~~^^^^^^^^^
  File "C:\Users\taty-\PycharmProjects\Skillfactory\News_Portal\News_Portal\.venv\Lib\site-packages\django\template\base.py", line 969, in render_annotated
    return self.render(context)
           ~~~~~~~~~~~^^^^^^^^^
  File "C:\Users\taty-\PycharmProjects\Skillfactory\News_Portal\News_Portal\.venv\Lib\site-packages\django\template\loader_tags.py", line 65, in render
    result = block.nodelist.render(context)
  File "C:\Users\taty-\PycharmProjects\Skillfactory\News_Portal\News_Portal\.venv\Lib\site-packages\django\template\base.py", line 1008, in render
    return SafeString("".join([node.render_annotated(context) for node in self]))
                               ~~~~~~~~~~~~~~~~~~~~~^^^^^^^^^
  File "C:\Users\taty-\PycharmProjects\Skillfactory\News_Portal\News_Portal\.venv\Lib\site-packages\django\template\base.py", line 969, in render_annotated
    return self.render(context)
           ~~~~~~~~~~~^^^^^^^^^
  File "C:\Users\taty-\PycharmProjects\Skillfactory\News_Portal\News_Portal\.venv\Lib\site-packages\django\template\loader_tags.py", line 65, in render
    result = block.nodelist.render(context)
  File "C:\Users\taty-\PycharmProjects\Skillfactory\News_Portal\News_Portal\.venv\Lib\site-packages\django\template\base.py", line 1008, in render
    return SafeString("".join([node.render_annotated(context) for node in self]))
                               ~~~~~~~~~~~~~~~~~~~~~^^^^^^^^^
  File "C:\Users\taty-\PycharmProjects\Skillfactory\News_Portal\News_Portal\.venv\Lib\site-packages\django\template\base.py", line 969, in render_annotated
    return self.render(context)
           ~~~~~~~~~~~^^^^^^^^^
  File "C:\Users\taty-\PycharmProjects\Skillfactory\News_Portal\News_Portal\.venv\Lib\site-packages\django\template\defaulttags.py", line 327, in render
    return nodelist.render(context)
           ~~~~~~~~~~~~~~~^^^^^^^^^
  File "C:\Users\taty-\PycharmProjects\Skillfactory\News_Portal\News_Portal\.venv\Lib\site-packages\django\template\base.py", line 1008, in render
    return SafeString("".join([node.render_annotated(context) for node in self]))
                               ~~~~~~~~~~~~~~~~~~~~~^^^^^^^^^
  File "C:\Users\taty-\PycharmProjects\Skillfactory\News_Portal\News_Portal\.venv\Lib\site-packages\django\template\base.py", line 969, in render_annotated
    return self.render(context)
           ~~~~~~~~~~~^^^^^^^^^
  File "C:\Users\taty-\PycharmProjects\Skillfactory\News_Portal\News_Portal\.venv\Lib\site-packages\django\template\loader_tags.py", line 210, in render
    return template.render(context)
           ~~~~~~~~~~~~~~~^^^^^^^^^
  File "C:\Users\taty-\PycharmProjects\Skillfactory\News_Portal\News_Portal\.venv\Lib\site-packages\django\template\base.py", line 173, in render
    return self._render(context)
           ~~~~~~~~~~~~^^^^^^^^^
  File "C:\Users\taty-\PycharmProjects\Skillfactory\News_Portal\News_Portal\.venv\Lib\site-packages\django\template\base.py", line 163, in _render
    return self.nodelist.render(context)
           ~~~~~~~~~~~~~~~~~~~~^^^^^^^^^
  File "C:\Users\taty-\PycharmProjects\Skillfactory\News_Portal\News_Portal\.venv\Lib\site-packages\django\template\base.py", line 1008, in render
    return SafeString("".join([node.render_annotated(context) for node in self]))
                               ~~~~~~~~~~~~~~~~~~~~~^^^^^^^^^
  File "C:\Users\taty-\PycharmProjects\Skillfactory\News_Portal\News_Portal\.venv\Lib\site-packages\django\template\base.py", line 969, in render_annotated
    return self.render(context)
           ~~~~~~~~~~~^^^^^^^^^
  File "C:\Users\taty-\PycharmProjects\Skillfactory\News_Portal\News_Portal\.venv\Lib\site-packages\django\template\library.py", line 237, in render
    output = self.func(*resolved_args, **resolved_kwargs)
  File "C:\Users\taty-\PycharmProjects\Skillfactory\News_Portal\News_Portal\.venv\Lib\site-packages\allauth\socialaccount\templatetags\socialaccount.py", line 80, in get_providers
    providers = adapter.list_providers(request)
  File "C:\Users\taty-\PycharmProjects\Skillfactory\News_Portal\News_Portal\.venv\Lib\site-packages\allauth\socialaccount\adapter.py", line 190, in list_providers
    apps = self.list_apps(request)
  File "C:\Users\taty-\PycharmProjects\Skillfactory\News_Portal\News_Portal\.venv\Lib\site-packages\allauth\socialaccount\adapter.py", line 248, in list_apps
    for app in db_apps:
               ^^^^^^^
  File "C:\Users\taty-\PycharmProjects\Skillfactory\News_Portal\News_Portal\.venv\Lib\site-packages\django\db\models\query.py", line 400, in __iter__
    self._fetch_all()
    ~~~~~~~~~~~~~~~^^
  File "C:\Users\taty-\PycharmProjects\Skillfactory\News_Portal\News_Portal\.venv\Lib\site-packages\django\db\models\query.py", line 1928, in _fetch_all
    self._result_cache = list(self._iterable_class(self))
                         ~~~~^^^^^^^^^^^^^^^^^^^^^^^^^^^^
  File "C:\Users\taty-\PycharmProjects\Skillfactory\News_Portal\News_Portal\.venv\Lib\site-packages\django\db\models\query.py", line 91, in __iter__
    results = compiler.execute_sql(
        chunked_fetch=self.chunked_fetch, chunk_size=self.chunk_size
    )
  File "C:\Users\taty-\PycharmProjects\Skillfactory\News_Portal\News_Portal\.venv\Lib\site-packages\django\db\models\sql\compiler.py", line 1574, in execute_sql
    cursor.execute(sql, params)
    ~~~~~~~~~~~~~~^^^^^^^^^^^^^
  File "C:\Users\taty-\PycharmProjects\Skillfactory\News_Portal\News_Portal\.venv\Lib\site-packages\django\db\backends\utils.py", line 122, in execute
    return super().execute(sql, params)
           ~~~~~~~~~~~~~~~^^^^^^^^^^^^^
  File "C:\Users\taty-\PycharmProjects\Skillfactory\News_Portal\News_Portal\.venv\Lib\site-packages\django\db\backends\utils.py", line 79, in execute
    return self._execute_with_wrappers(
           ~~~~~~~~~~~~~~~~~~~~~~~~~~~^
        sql, params, many=False, executor=self._execute
        ^^^^^^^^^^^^^^^^^^^^^^^^^^^^^^^^^^^^^^^^^^^^^^^
    )
    ^
  File "C:\Users\taty-\PycharmProjects\Skillfactory\News_Portal\News_Portal\.venv\Lib\site-packages\django\db\backends\utils.py", line 92, in _execute_with_wrappers
    return executor(sql, params, many, context)
  File "C:\Users\taty-\PycharmProjects\Skillfactory\News_Portal\News_Portal\.venv\Lib\site-packages\django\db\backends\utils.py", line 100, in _execute
    with self.db.wrap_database_errors:
         ^^^^^^^^^^^^^^^^^^^^^^^^^^^^
  File "C:\Users\taty-\PycharmProjects\Skillfactory\News_Portal\News_Portal\.venv\Lib\site-packages\django\db\utils.py", line 91, in __exit__
    raise dj_exc_value.with_traceback(traceback) from exc_value
  File "C:\Users\taty-\PycharmProjects\Skillfactory\News_Portal\News_Portal\.venv\Lib\site-packages\django\db\backends\utils.py", line 105, in _execute
    return self.cursor.execute(sql, params)
           ~~~~~~~~~~~~~~~~~~~^^^^^^^^^^^^^
  File "C:\Users\taty-\PycharmProjects\Skillfactory\News_Portal\News_Portal\.venv\Lib\site-packages\django\db\backends\sqlite3\base.py", line 354, in execute
    return super().execute(query, params)
           ~~~~~~~~~~~~~~~^^^^^^^^^^^^^^^
django.db.utils.OperationalError: no such table: socialaccount_socialapp
2025-04-04 23:47:40,909 ERROR "GET /accounts/login/?next=/ HTTP/1.1" 500 335620 C:\Users\taty-\PycharmProjects\Skillfactory\News_Portal\News_Portal\.venv\Lib\site-packages\django\core\servers\basehttp.py None
2025-04-04 23:51:52,423 ERROR Internal Server Error: /accounts/login/ C:\Users\taty-\PycharmProjects\Skillfactory\News_Portal\News_Portal\.venv\Lib\site-packages\django\utils\log.py (<class 'django.db.utils.OperationalError'>, OperationalError('no such table: socialaccount_socialapp'), <traceback object at 0x000001D671061A40>)
Traceback (most recent call last):
  File "C:\Users\taty-\PycharmProjects\Skillfactory\News_Portal\News_Portal\.venv\Lib\site-packages\django\db\backends\utils.py", line 105, in _execute
    return self.cursor.execute(sql, params)
           ~~~~~~~~~~~~~~~~~~~^^^^^^^^^^^^^
  File "C:\Users\taty-\PycharmProjects\Skillfactory\News_Portal\News_Portal\.venv\Lib\site-packages\django\db\backends\sqlite3\base.py", line 354, in execute
    return super().execute(query, params)
           ~~~~~~~~~~~~~~~^^^^^^^^^^^^^^^
sqlite3.OperationalError: no such table: socialaccount_socialapp

The above exception was the direct cause of the following exception:

Traceback (most recent call last):
  File "C:\Users\taty-\PycharmProjects\Skillfactory\News_Portal\News_Portal\.venv\Lib\site-packages\django\core\handlers\exception.py", line 55, in inner
    response = get_response(request)
  File "C:\Users\taty-\PycharmProjects\Skillfactory\News_Portal\News_Portal\.venv\Lib\site-packages\django\core\handlers\base.py", line 220, in _get_response
    response = response.render()
  File "C:\Users\taty-\PycharmProjects\Skillfactory\News_Portal\News_Portal\.venv\Lib\site-packages\django\template\response.py", line 114, in render
    self.content = self.rendered_content
                   ^^^^^^^^^^^^^^^^^^^^^
  File "C:\Users\taty-\PycharmProjects\Skillfactory\News_Portal\News_Portal\.venv\Lib\site-packages\django\template\response.py", line 92, in rendered_content
    return template.render(context, self._request)
           ~~~~~~~~~~~~~~~^^^^^^^^^^^^^^^^^^^^^^^^
  File "C:\Users\taty-\PycharmProjects\Skillfactory\News_Portal\News_Portal\.venv\Lib\site-packages\django\template\backends\django.py", line 107, in render
    return self.template.render(context)
           ~~~~~~~~~~~~~~~~~~~~^^^^^^^^^
  File "C:\Users\taty-\PycharmProjects\Skillfactory\News_Portal\News_Portal\.venv\Lib\site-packages\django\template\base.py", line 171, in render
    return self._render(context)
           ~~~~~~~~~~~~^^^^^^^^^
  File "C:\Users\taty-\PycharmProjects\Skillfactory\News_Portal\News_Portal\.venv\Lib\site-packages\django\template\base.py", line 163, in _render
    return self.nodelist.render(context)
           ~~~~~~~~~~~~~~~~~~~~^^^^^^^^^
  File "C:\Users\taty-\PycharmProjects\Skillfactory\News_Portal\News_Portal\.venv\Lib\site-packages\django\template\base.py", line 1008, in render
    return SafeString("".join([node.render_annotated(context) for node in self]))
                               ~~~~~~~~~~~~~~~~~~~~~^^^^^^^^^
  File "C:\Users\taty-\PycharmProjects\Skillfactory\News_Portal\News_Portal\.venv\Lib\site-packages\django\template\base.py", line 969, in render_annotated
    return self.render(context)
           ~~~~~~~~~~~^^^^^^^^^
  File "C:\Users\taty-\PycharmProjects\Skillfactory\News_Portal\News_Portal\.venv\Lib\site-packages\django\template\loader_tags.py", line 159, in render
    return compiled_parent._render(context)
           ~~~~~~~~~~~~~~~~~~~~~~~^^^^^^^^^
  File "C:\Users\taty-\PycharmProjects\Skillfactory\News_Portal\News_Portal\.venv\Lib\site-packages\django\template\base.py", line 163, in _render
    return self.nodelist.render(context)
           ~~~~~~~~~~~~~~~~~~~~^^^^^^^^^
  File "C:\Users\taty-\PycharmProjects\Skillfactory\News_Portal\News_Portal\.venv\Lib\site-packages\django\template\base.py", line 1008, in render
    return SafeString("".join([node.render_annotated(context) for node in self]))
                               ~~~~~~~~~~~~~~~~~~~~~^^^^^^^^^
  File "C:\Users\taty-\PycharmProjects\Skillfactory\News_Portal\News_Portal\.venv\Lib\site-packages\django\template\base.py", line 969, in render_annotated
    return self.render(context)
           ~~~~~~~~~~~^^^^^^^^^
  File "C:\Users\taty-\PycharmProjects\Skillfactory\News_Portal\News_Portal\.venv\Lib\site-packages\django\template\loader_tags.py", line 159, in render
    return compiled_parent._render(context)
           ~~~~~~~~~~~~~~~~~~~~~~~^^^^^^^^^
  File "C:\Users\taty-\PycharmProjects\Skillfactory\News_Portal\News_Portal\.venv\Lib\site-packages\django\template\base.py", line 163, in _render
    return self.nodelist.render(context)
           ~~~~~~~~~~~~~~~~~~~~^^^^^^^^^
  File "C:\Users\taty-\PycharmProjects\Skillfactory\News_Portal\News_Portal\.venv\Lib\site-packages\django\template\base.py", line 1008, in render
    return SafeString("".join([node.render_annotated(context) for node in self]))
                               ~~~~~~~~~~~~~~~~~~~~~^^^^^^^^^
  File "C:\Users\taty-\PycharmProjects\Skillfactory\News_Portal\News_Portal\.venv\Lib\site-packages\django\template\base.py", line 969, in render_annotated
    return self.render(context)
           ~~~~~~~~~~~^^^^^^^^^
  File "C:\Users\taty-\PycharmProjects\Skillfactory\News_Portal\News_Portal\.venv\Lib\site-packages\django\template\loader_tags.py", line 159, in render
    return compiled_parent._render(context)
           ~~~~~~~~~~~~~~~~~~~~~~~^^^^^^^^^
  File "C:\Users\taty-\PycharmProjects\Skillfactory\News_Portal\News_Portal\.venv\Lib\site-packages\django\template\base.py", line 163, in _render
    return self.nodelist.render(context)
           ~~~~~~~~~~~~~~~~~~~~^^^^^^^^^
  File "C:\Users\taty-\PycharmProjects\Skillfactory\News_Portal\News_Portal\.venv\Lib\site-packages\django\template\base.py", line 1008, in render
    return SafeString("".join([node.render_annotated(context) for node in self]))
                               ~~~~~~~~~~~~~~~~~~~~~^^^^^^^^^
  File "C:\Users\taty-\PycharmProjects\Skillfactory\News_Portal\News_Portal\.venv\Lib\site-packages\django\template\base.py", line 969, in render_annotated
    return self.render(context)
           ~~~~~~~~~~~^^^^^^^^^
  File "C:\Users\taty-\PycharmProjects\Skillfactory\News_Portal\News_Portal\.venv\Lib\site-packages\django\template\loader_tags.py", line 65, in render
    result = block.nodelist.render(context)
  File "C:\Users\taty-\PycharmProjects\Skillfactory\News_Portal\News_Portal\.venv\Lib\site-packages\django\template\base.py", line 1008, in render
    return SafeString("".join([node.render_annotated(context) for node in self]))
                               ~~~~~~~~~~~~~~~~~~~~~^^^^^^^^^
  File "C:\Users\taty-\PycharmProjects\Skillfactory\News_Portal\News_Portal\.venv\Lib\site-packages\django\template\base.py", line 969, in render_annotated
    return self.render(context)
           ~~~~~~~~~~~^^^^^^^^^
  File "C:\Users\taty-\PycharmProjects\Skillfactory\News_Portal\News_Portal\.venv\Lib\site-packages\django\template\loader_tags.py", line 65, in render
    result = block.nodelist.render(context)
  File "C:\Users\taty-\PycharmProjects\Skillfactory\News_Portal\News_Portal\.venv\Lib\site-packages\django\template\base.py", line 1008, in render
    return SafeString("".join([node.render_annotated(context) for node in self]))
                               ~~~~~~~~~~~~~~~~~~~~~^^^^^^^^^
  File "C:\Users\taty-\PycharmProjects\Skillfactory\News_Portal\News_Portal\.venv\Lib\site-packages\django\template\base.py", line 969, in render_annotated
    return self.render(context)
           ~~~~~~~~~~~^^^^^^^^^
  File "C:\Users\taty-\PycharmProjects\Skillfactory\News_Portal\News_Portal\.venv\Lib\site-packages\django\template\defaulttags.py", line 327, in render
    return nodelist.render(context)
           ~~~~~~~~~~~~~~~^^^^^^^^^
  File "C:\Users\taty-\PycharmProjects\Skillfactory\News_Portal\News_Portal\.venv\Lib\site-packages\django\template\base.py", line 1008, in render
    return SafeString("".join([node.render_annotated(context) for node in self]))
                               ~~~~~~~~~~~~~~~~~~~~~^^^^^^^^^
  File "C:\Users\taty-\PycharmProjects\Skillfactory\News_Portal\News_Portal\.venv\Lib\site-packages\django\template\base.py", line 969, in render_annotated
    return self.render(context)
           ~~~~~~~~~~~^^^^^^^^^
  File "C:\Users\taty-\PycharmProjects\Skillfactory\News_Portal\News_Portal\.venv\Lib\site-packages\django\template\loader_tags.py", line 210, in render
    return template.render(context)
           ~~~~~~~~~~~~~~~^^^^^^^^^
  File "C:\Users\taty-\PycharmProjects\Skillfactory\News_Portal\News_Portal\.venv\Lib\site-packages\django\template\base.py", line 173, in render
    return self._render(context)
           ~~~~~~~~~~~~^^^^^^^^^
  File "C:\Users\taty-\PycharmProjects\Skillfactory\News_Portal\News_Portal\.venv\Lib\site-packages\django\template\base.py", line 163, in _render
    return self.nodelist.render(context)
           ~~~~~~~~~~~~~~~~~~~~^^^^^^^^^
  File "C:\Users\taty-\PycharmProjects\Skillfactory\News_Portal\News_Portal\.venv\Lib\site-packages\django\template\base.py", line 1008, in render
    return SafeString("".join([node.render_annotated(context) for node in self]))
                               ~~~~~~~~~~~~~~~~~~~~~^^^^^^^^^
  File "C:\Users\taty-\PycharmProjects\Skillfactory\News_Portal\News_Portal\.venv\Lib\site-packages\django\template\base.py", line 969, in render_annotated
    return self.render(context)
           ~~~~~~~~~~~^^^^^^^^^
  File "C:\Users\taty-\PycharmProjects\Skillfactory\News_Portal\News_Portal\.venv\Lib\site-packages\django\template\library.py", line 237, in render
    output = self.func(*resolved_args, **resolved_kwargs)
  File "C:\Users\taty-\PycharmProjects\Skillfactory\News_Portal\News_Portal\.venv\Lib\site-packages\allauth\socialaccount\templatetags\socialaccount.py", line 80, in get_providers
    providers = adapter.list_providers(request)
  File "C:\Users\taty-\PycharmProjects\Skillfactory\News_Portal\News_Portal\.venv\Lib\site-packages\allauth\socialaccount\adapter.py", line 190, in list_providers
    apps = self.list_apps(request)
  File "C:\Users\taty-\PycharmProjects\Skillfactory\News_Portal\News_Portal\.venv\Lib\site-packages\allauth\socialaccount\adapter.py", line 248, in list_apps
    for app in db_apps:
               ^^^^^^^
  File "C:\Users\taty-\PycharmProjects\Skillfactory\News_Portal\News_Portal\.venv\Lib\site-packages\django\db\models\query.py", line 400, in __iter__
    self._fetch_all()
    ~~~~~~~~~~~~~~~^^
  File "C:\Users\taty-\PycharmProjects\Skillfactory\News_Portal\News_Portal\.venv\Lib\site-packages\django\db\models\query.py", line 1928, in _fetch_all
    self._result_cache = list(self._iterable_class(self))
                         ~~~~^^^^^^^^^^^^^^^^^^^^^^^^^^^^
  File "C:\Users\taty-\PycharmProjects\Skillfactory\News_Portal\News_Portal\.venv\Lib\site-packages\django\db\models\query.py", line 91, in __iter__
    results = compiler.execute_sql(
        chunked_fetch=self.chunked_fetch, chunk_size=self.chunk_size
    )
  File "C:\Users\taty-\PycharmProjects\Skillfactory\News_Portal\News_Portal\.venv\Lib\site-packages\django\db\models\sql\compiler.py", line 1574, in execute_sql
    cursor.execute(sql, params)
    ~~~~~~~~~~~~~~^^^^^^^^^^^^^
  File "C:\Users\taty-\PycharmProjects\Skillfactory\News_Portal\News_Portal\.venv\Lib\site-packages\django\db\backends\utils.py", line 122, in execute
    return super().execute(sql, params)
           ~~~~~~~~~~~~~~~^^^^^^^^^^^^^
  File "C:\Users\taty-\PycharmProjects\Skillfactory\News_Portal\News_Portal\.venv\Lib\site-packages\django\db\backends\utils.py", line 79, in execute
    return self._execute_with_wrappers(
           ~~~~~~~~~~~~~~~~~~~~~~~~~~~^
        sql, params, many=False, executor=self._execute
        ^^^^^^^^^^^^^^^^^^^^^^^^^^^^^^^^^^^^^^^^^^^^^^^
    )
    ^
  File "C:\Users\taty-\PycharmProjects\Skillfactory\News_Portal\News_Portal\.venv\Lib\site-packages\django\db\backends\utils.py", line 92, in _execute_with_wrappers
    return executor(sql, params, many, context)
  File "C:\Users\taty-\PycharmProjects\Skillfactory\News_Portal\News_Portal\.venv\Lib\site-packages\django\db\backends\utils.py", line 100, in _execute
    with self.db.wrap_database_errors:
         ^^^^^^^^^^^^^^^^^^^^^^^^^^^^
  File "C:\Users\taty-\PycharmProjects\Skillfactory\News_Portal\News_Portal\.venv\Lib\site-packages\django\db\utils.py", line 91, in __exit__
    raise dj_exc_value.with_traceback(traceback) from exc_value
  File "C:\Users\taty-\PycharmProjects\Skillfactory\News_Portal\News_Portal\.venv\Lib\site-packages\django\db\backends\utils.py", line 105, in _execute
    return self.cursor.execute(sql, params)
           ~~~~~~~~~~~~~~~~~~~^^^^^^^^^^^^^
  File "C:\Users\taty-\PycharmProjects\Skillfactory\News_Portal\News_Portal\.venv\Lib\site-packages\django\db\backends\sqlite3\base.py", line 354, in execute
    return super().execute(query, params)
           ~~~~~~~~~~~~~~~^^^^^^^^^^^^^^^
django.db.utils.OperationalError: no such table: socialaccount_socialapp
2025-04-04 23:51:52,435 ERROR "GET /accounts/login/?next=/ HTTP/1.1" 500 335620 C:\Users\taty-\PycharmProjects\Skillfactory\News_Portal\News_Portal\.venv\Lib\site-packages\django\core\servers\basehttp.py None
2025-04-07 10:31:23,520 ERROR Internal Server Error: /admin/simpleapp/post/add/ C:\Users\taty-\PycharmProjects\Skillfactory\News_Portal\News_Portal\.venv\Lib\site-packages\django\utils\log.py (<class 'django.db.utils.OperationalError'>, OperationalError('no such table: simpleapp_post'), <traceback object at 0x000001FD19614100>)
Traceback (most recent call last):
  File "C:\Users\taty-\PycharmProjects\Skillfactory\News_Portal\News_Portal\.venv\Lib\site-packages\django\db\backends\utils.py", line 105, in _execute
    return self.cursor.execute(sql, params)
           ~~~~~~~~~~~~~~~~~~~^^^^^^^^^^^^^
  File "C:\Users\taty-\PycharmProjects\Skillfactory\News_Portal\News_Portal\.venv\Lib\site-packages\django\db\backends\sqlite3\base.py", line 354, in execute
    return super().execute(query, params)
           ~~~~~~~~~~~~~~~^^^^^^^^^^^^^^^
sqlite3.OperationalError: no such table: simpleapp_post

The above exception was the direct cause of the following exception:

Traceback (most recent call last):
  File "C:\Users\taty-\PycharmProjects\Skillfactory\News_Portal\News_Portal\.venv\Lib\site-packages\django\core\handlers\exception.py", line 55, in inner
    response = get_response(request)
  File "C:\Users\taty-\PycharmProjects\Skillfactory\News_Portal\News_Portal\.venv\Lib\site-packages\django\core\handlers\base.py", line 197, in _get_response
    response = wrapped_callback(request, *callback_args, **callback_kwargs)
  File "C:\Users\taty-\PycharmProjects\Skillfactory\News_Portal\News_Portal\.venv\Lib\site-packages\django\contrib\admin\options.py", line 718, in wrapper
    return self.admin_site.admin_view(view)(*args, **kwargs)
           ~~~~~~~~~~~~~~~~~~~~~~~~~~~~~~~~^^^^^^^^^^^^^^^^^
  File "C:\Users\taty-\PycharmProjects\Skillfactory\News_Portal\News_Portal\.venv\Lib\site-packages\django\utils\decorators.py", line 188, in _view_wrapper
    result = _process_exception(request, e)
  File "C:\Users\taty-\PycharmProjects\Skillfactory\News_Portal\News_Portal\.venv\Lib\site-packages\django\utils\decorators.py", line 186, in _view_wrapper
    response = view_func(request, *args, **kwargs)
  File "C:\Users\taty-\PycharmProjects\Skillfactory\News_Portal\News_Portal\.venv\Lib\site-packages\django\views\decorators\cache.py", line 80, in _view_wrapper
    response = view_func(request, *args, **kwargs)
  File "C:\Users\taty-\PycharmProjects\Skillfactory\News_Portal\News_Portal\.venv\Lib\site-packages\django\contrib\admin\sites.py", line 241, in inner
    return view(request, *args, **kwargs)
  File "C:\Users\taty-\PycharmProjects\Skillfactory\News_Portal\News_Portal\.venv\Lib\site-packages\django\contrib\admin\options.py", line 1961, in add_view
    return self.changeform_view(request, None, form_url, extra_context)
           ~~~~~~~~~~~~~~~~~~~~^^^^^^^^^^^^^^^^^^^^^^^^^^^^^^^^^^^^^^^^
  File "C:\Users\taty-\PycharmProjects\Skillfactory\News_Portal\News_Portal\.venv\Lib\site-packages\django\utils\decorators.py", line 48, in _wrapper
    return bound_method(*args, **kwargs)
  File "C:\Users\taty-\PycharmProjects\Skillfactory\News_Portal\News_Portal\.venv\Lib\site-packages\django\utils\decorators.py", line 188, in _view_wrapper
    result = _process_exception(request, e)
  File "C:\Users\taty-\PycharmProjects\Skillfactory\News_Portal\News_Portal\.venv\Lib\site-packages\django\utils\decorators.py", line 186, in _view_wrapper
    response = view_func(request, *args, **kwargs)
  File "C:\Users\taty-\PycharmProjects\Skillfactory\News_Portal\News_Portal\.venv\Lib\site-packages\django\contrib\admin\options.py", line 1820, in changeform_view
    return self._changeform_view(request, object_id, form_url, extra_context)
           ~~~~~~~~~~~~~~~~~~~~~^^^^^^^^^^^^^^^^^^^^^^^^^^^^^^^^^^^^^^^^^^^^^
  File "C:\Users\taty-\PycharmProjects\Skillfactory\News_Portal\News_Portal\.venv\Lib\site-packages\django\contrib\admin\options.py", line 1871, in _changeform_view
    self.save_model(request, new_object, form, not add)
    ~~~~~~~~~~~~~~~^^^^^^^^^^^^^^^^^^^^^^^^^^^^^^^^^^^^
  File "C:\Users\taty-\PycharmProjects\Skillfactory\News_Portal\News_Portal\.venv\Lib\site-packages\django\contrib\admin\options.py", line 1294, in save_model
    obj.save()
    ~~~~~~~~^^
  File "C:\Users\taty-\PycharmProjects\Skillfactory\News_Portal\News_Portal\project\simpleapp\models.py", line 62, in save
    super().save(*args, **kwargs) # сначала вызываем метод родителя, чтобы объект сохранился
    ~~~~~~~~~~~~^^^^^^^^^^^^^^^^^
  File "C:\Users\taty-\PycharmProjects\Skillfactory\News_Portal\News_Portal\.venv\Lib\site-packages\django\db\models\base.py", line 892, in save
    self.save_base(
    ~~~~~~~~~~~~~~^
        using=using,
        ^^^^^^^^^^^^
    ...<2 lines>...
        update_fields=update_fields,
        ^^^^^^^^^^^^^^^^^^^^^^^^^^^^
    )
    ^
  File "C:\Users\taty-\PycharmProjects\Skillfactory\News_Portal\News_Portal\.venv\Lib\site-packages\django\db\models\base.py", line 998, in save_base
    updated = self._save_table(
        raw,
    ...<4 lines>...
        update_fields,
    )
  File "C:\Users\taty-\PycharmProjects\Skillfactory\News_Portal\News_Portal\.venv\Lib\site-packages\django\db\models\base.py", line 1161, in _save_table
    results = self._do_insert(
        cls._base_manager, using, fields, returning_fields, raw
    )
  File "C:\Users\taty-\PycharmProjects\Skillfactory\News_Portal\News_Portal\.venv\Lib\site-packages\django\db\models\base.py", line 1202, in _do_insert
    return manager._insert(
           ~~~~~~~~~~~~~~~^
        [self],
        ^^^^^^^
    ...<3 lines>...
        raw=raw,
        ^^^^^^^^
    )
    ^
  File "C:\Users\taty-\PycharmProjects\Skillfactory\News_Portal\News_Portal\.venv\Lib\site-packages\django\db\models\manager.py", line 87, in manager_method
    return getattr(self.get_queryset(), name)(*args, **kwargs)
           ~~~~~~~~~~~~~~~~~~~~~~~~~~~~~~~~~~^^^^^^^^^^^^^^^^^
  File "C:\Users\taty-\PycharmProjects\Skillfactory\News_Portal\News_Portal\.venv\Lib\site-packages\django\db\models\query.py", line 1847, in _insert
    return query.get_compiler(using=using).execute_sql(returning_fields)
           ~~~~~~~~~~~~~~~~~~~~~~~~~~~~~~~~~~~~~~~~~~~^^^^^^^^^^^^^^^^^^
  File "C:\Users\taty-\PycharmProjects\Skillfactory\News_Portal\News_Portal\.venv\Lib\site-packages\django\db\models\sql\compiler.py", line 1836, in execute_sql
    cursor.execute(sql, params)
    ~~~~~~~~~~~~~~^^^^^^^^^^^^^
  File "C:\Users\taty-\PycharmProjects\Skillfactory\News_Portal\News_Portal\.venv\Lib\site-packages\django\db\backends\utils.py", line 122, in execute
    return super().execute(sql, params)
           ~~~~~~~~~~~~~~~^^^^^^^^^^^^^
  File "C:\Users\taty-\PycharmProjects\Skillfactory\News_Portal\News_Portal\.venv\Lib\site-packages\django\db\backends\utils.py", line 79, in execute
    return self._execute_with_wrappers(
           ~~~~~~~~~~~~~~~~~~~~~~~~~~~^
        sql, params, many=False, executor=self._execute
        ^^^^^^^^^^^^^^^^^^^^^^^^^^^^^^^^^^^^^^^^^^^^^^^
    )
    ^
  File "C:\Users\taty-\PycharmProjects\Skillfactory\News_Portal\News_Portal\.venv\Lib\site-packages\django\db\backends\utils.py", line 92, in _execute_with_wrappers
    return executor(sql, params, many, context)
  File "C:\Users\taty-\PycharmProjects\Skillfactory\News_Portal\News_Portal\.venv\Lib\site-packages\django\db\backends\utils.py", line 100, in _execute
    with self.db.wrap_database_errors:
         ^^^^^^^^^^^^^^^^^^^^^^^^^^^^
  File "C:\Users\taty-\PycharmProjects\Skillfactory\News_Portal\News_Portal\.venv\Lib\site-packages\django\db\utils.py", line 91, in __exit__
    raise dj_exc_value.with_traceback(traceback) from exc_value
  File "C:\Users\taty-\PycharmProjects\Skillfactory\News_Portal\News_Portal\.venv\Lib\site-packages\django\db\backends\utils.py", line 105, in _execute
    return self.cursor.execute(sql, params)
           ~~~~~~~~~~~~~~~~~~~^^^^^^^^^^^^^
  File "C:\Users\taty-\PycharmProjects\Skillfactory\News_Portal\News_Portal\.venv\Lib\site-packages\django\db\backends\sqlite3\base.py", line 354, in execute
    return super().execute(query, params)
           ~~~~~~~~~~~~~~~^^^^^^^^^^^^^^^
django.db.utils.OperationalError: no such table: simpleapp_post
2025-04-07 10:31:23,544 ERROR "POST /admin/simpleapp/post/add/ HTTP/1.1" 500 224626 C:\Users\taty-\PycharmProjects\Skillfactory\News_Portal\News_Portal\.venv\Lib\site-packages\django\core\servers\basehttp.py None
